[0m15:12:08.765563 [debug] [MainThread]: Sending event: {'category': 'dbt', 'action': 'invocation', 'label': 'start', 'context': [<snowplow_tracker.self_describing_json.SelfDescribingJson object at 0x711352822990>, <snowplow_tracker.self_describing_json.SelfDescribingJson object at 0x71135274fa70>, <snowplow_tracker.self_describing_json.SelfDescribingJson object at 0x711352821f40>]}


============================== 15:12:08.768468 | 888d2f92-bd7d-422c-907b-a9836705aff4 ==============================
[0m15:12:08.768468 [info ] [MainThread]: Running with dbt=1.9.0
[0m15:12:08.768876 [debug] [MainThread]: running dbt with arguments {'printer_width': '80', 'indirect_selection': 'eager', 'write_json': 'True', 'log_cache_events': 'False', 'partial_parse': 'True', 'cache_selected_only': 'False', 'profiles_dir': '/home/karuniaperjuangan/.dbt', 'debug': 'False', 'version_check': 'True', 'log_path': 'logs', 'warn_error': 'None', 'fail_fast': 'False', 'use_colors': 'True', 'use_experimental_parser': 'False', 'no_print': 'None', 'quiet': 'False', 'empty': 'None', 'log_format': 'default', 'invocation_command': 'dbt init', 'warn_error_options': 'WarnErrorOptions(include=[], exclude=[])', 'introspect': 'True', 'target_path': 'None', 'static_parser': 'True', 'send_anonymous_usage_stats': 'True'}
[0m15:12:23.859810 [debug] [MainThread]: Starter project path: /home/karuniaperjuangan/miniforge3/lib/python3.12/site-packages/dbt/include/starter_project
[0m15:12:23.866215 [info ] [MainThread]: 
Your new dbt project "dbt_db_to_datawarehouse" was created!

For more information on how to configure the profiles.yml file,
please consult the dbt documentation here:

  https://docs.getdbt.com/docs/configure-your-profile

One more thing:

Need help? Don't hesitate to reach out to us via GitHub issues or on Slack:

  https://community.getdbt.com/

Happy modeling!

[0m15:12:23.866531 [info ] [MainThread]: Setting up your profile.
[0m15:13:46.968176 [info ] [MainThread]: Profile dbt_db_to_datawarehouse written to /home/karuniaperjuangan/.dbt/profiles.yml using target's profile_template.yml and your supplied values. Run 'dbt debug' to validate the connection.
[0m15:13:46.976619 [debug] [MainThread]: Resource report: {"command_name": "init", "command_success": true, "command_wall_clock_time": 98.2524, "process_in_blocks": "49616", "process_kernel_time": 0.174977, "process_mem_max_rss": "111176", "process_out_blocks": "3968", "process_user_time": 1.027739}
[0m15:13:46.977322 [debug] [MainThread]: Command `dbt init` succeeded at 15:13:46.977185 after 98.25 seconds
[0m15:13:46.977904 [debug] [MainThread]: Sending event: {'category': 'dbt', 'action': 'invocation', 'label': 'end', 'context': [<snowplow_tracker.self_describing_json.SelfDescribingJson object at 0x71135241b830>, <snowplow_tracker.self_describing_json.SelfDescribingJson object at 0x7113520785f0>, <snowplow_tracker.self_describing_json.SelfDescribingJson object at 0x711352078f80>]}
[0m15:13:46.978523 [debug] [MainThread]: Flushing usage events
[0m15:13:48.178049 [debug] [MainThread]: An error was encountered while trying to flush usage events
